<?xml version="1.0" encoding="UTF-8"?>
<Site BuildName="(empty)"
	BuildStamp="20241212-0949-Experimental"
	Name="alebraglia-VirtualBox"
	Generator="ctest-3.22.1"
	CompilerName="/usr/bin/clang++-14"
	CompilerVersion="14.0.0"
	OSName="Linux"
	Hostname="alebraglia-VirtualBox"
	OSRelease="6.8.0-49-generic"
	OSVersion="#49~22.04.1-Ubuntu SMP PREEMPT_DYNAMIC Wed Nov  6 17:42:15 UTC 2"
	OSPlatform="x86_64"
	Is64Bits="1"
	VendorString="GenuineIntel"
	VendorID="Intel Corporation"
	FamilyID="6"
	ModelID="186"
	ProcessorCacheSize="24576"
	NumberOfLogicalCPU="4"
	NumberOfPhysicalCPU="4"
	TotalVirtualMemory="2047"
	TotalPhysicalMemory="7925"
	LogicalProcessorsPerPhysical="1"
	ProcessorClockFrequency="2918.4"
	>
	<Testing>
		<StartDateTime>Dec 12 10:49 CET</StartDateTime>
		<StartTestTime>1733996976</StartTestTime>
		<TestList/>
		<EndDateTime>Dec 12 10:49 CET</EndDateTime>
		<EndTestTime>1733996976</EndTestTime>
		<ElapsedMinutes>0</ElapsedMinutes>
	</Testing>
</Site>
